\BOOKMARK [0][-]{chapter.1}{绪 论}{}% 1
\BOOKMARK [1][-]{section.1.1}{研究背景}{chapter.1}% 2
\BOOKMARK [1][-]{section.1.2}{国内外研究现状}{chapter.1}% 3
\BOOKMARK [1][-]{section.1.3}{研究内容和方法}{chapter.1}% 4
\BOOKMARK [1][-]{section.1.4}{论文结构}{chapter.1}% 5
\BOOKMARK [0][-]{chapter.2}{nuXmv介绍}{}% 6
\BOOKMARK [1][-]{section.2.1}{基本数据类型}{chapter.2}% 7
\BOOKMARK [1][-]{section.2.2}{表达式}{chapter.2}% 8
\BOOKMARK [2][-]{subsection.2.2.1}{隐式转换}{section.2.2}% 9
\BOOKMARK [2][-]{subsection.2.2.2}{基本表达式}{section.2.2}% 10
\BOOKMARK [1][-]{section.2.3}{有限状态机}{chapter.2}% 11
\BOOKMARK [2][-]{subsection.2.3.1}{变量}{section.2.3}% 12
\BOOKMARK [2][-]{subsection.2.3.2}{常用约束}{section.2.3}% 13
\BOOKMARK [2][-]{subsection.2.3.3}{模块的声明}{section.2.3}% 14
\BOOKMARK [1][-]{section.2.4}{交互式会话验证}{chapter.2}% 15
\BOOKMARK [1][-]{section.2.5}{线性时态逻辑规格介绍}{chapter.2}% 16
\BOOKMARK [2][-]{subsection.2.5.1}{线性时态逻辑规格语法}{section.2.5}% 17
\BOOKMARK [1][-]{section.2.6}{BDD与SMT验证方法}{chapter.2}% 18
\BOOKMARK [1][-]{section.2.7}{本章小结}{chapter.2}% 19
\BOOKMARK [0][-]{chapter.3}{机器人永恒探索算法}{}% 20
\BOOKMARK [1][-]{section.3.1}{机器人移动}{chapter.3}% 21
\BOOKMARK [1][-]{section.3.2}{调度策略}{chapter.3}% 22
\BOOKMARK [1][-]{section.3.3}{环形空间探索算法}{chapter.3}% 23
\BOOKMARK [2][-]{subsection.3.3.1}{环形空间}{section.3.3}% 24
\BOOKMARK [2][-]{subsection.3.3.2}{环境快照}{section.3.3}% 25
\BOOKMARK [2][-]{subsection.3.3.3}{对称性}{section.3.3}% 26
\BOOKMARK [2][-]{subsection.3.3.4}{移动算法}{section.3.3}% 27
\BOOKMARK [1][-]{section.3.4}{永恒探索}{chapter.3}% 28
\BOOKMARK [2][-]{subsection.3.4.1}{非冲撞性}{section.3.4}% 29
\BOOKMARK [2][-]{subsection.3.4.2}{非互换性}{section.3.4}% 30
\BOOKMARK [2][-]{subsection.3.4.3}{非终止性}{section.3.4}% 31
\BOOKMARK [1][-]{section.3.5}{本章小结}{chapter.3}% 32
\BOOKMARK [0][-]{chapter.4}{永恒探索算法建模}{}% 33
\BOOKMARK [1][-]{section.4.1}{机器人建模}{chapter.4}% 34
\BOOKMARK [2][-]{subsection.4.1.1}{移动算法匹配}{section.4.1}% 35
\BOOKMARK [2][-]{subsection.4.1.2}{机器人移动}{section.4.1}% 36
\BOOKMARK [1][-]{section.4.2}{调度策略建模}{chapter.4}% 37
\BOOKMARK [1][-]{section.4.3}{永恒探索性质}{chapter.4}% 38
\BOOKMARK [1][-]{section.4.4}{本章小结}{chapter.4}% 39
\BOOKMARK [0][-]{chapter.5}{自主移动机器人永恒探索算法验证}{}% 40
\BOOKMARK [1][-]{section.5.1}{验证结果与分析}{chapter.5}% 41
\BOOKMARK [1][-]{section.5.2}{本章小结}{chapter.5}% 42
\BOOKMARK [0][-]{chapter.6}{总结和展望}{}% 43
\BOOKMARK [1][-]{section.6.1}{总结}{chapter.6}% 44
\BOOKMARK [1][-]{section.6.2}{展望}{chapter.6}% 45
\BOOKMARK [0][-]{section.6.2}{参考文献}{}% 46
\BOOKMARK [0][-]{section*.54}{致谢}{}% 47
\BOOKMARK [0][-]{section*.55}{发表论文和科研情况}{}% 48
